<?xml version="1.0" encoding="UTF-8"?>
<testsuite xmlns:xsi="http://www.w3.org/2001/XMLSchema-instance" xsi:noNamespaceSchemaLocation="https://maven.apache.org/surefire/maven-failsafe-plugin/xsd/failsafe-test-report-3.0.xsd" version="3.0" name="CalculatorIT" time="0.131" tests="11" errors="0" skipped="0" failures="0">
  <properties>
    <property name="java.specification.version" value="18"/>
    <property name="sun.cpu.isalist" value="amd64"/>
    <property name="sun.jnu.encoding" value="Cp1252"/>
    <property name="java.class.path" value="C:\Users\LaSandu\IdeaProjects\untitled\target\test-classes;C:\Users\LaSandu\IdeaProjects\untitled\target\untitled-1.0-SNAPSHOT.jar;C:\Users\LaSandu\.m2\repository\commons-io\commons-io\2.11.0\commons-io-2.11.0.jar;C:\Users\LaSandu\.m2\repository\org\apache\commons\commons-lang3\3.12.0\commons-lang3-3.12.0.jar;C:\Users\LaSandu\.m2\repository\org\apache\logging\log4j\log4j-core\2.17.1\log4j-core-2.17.1.jar;C:\Users\LaSandu\.m2\repository\org\apache\logging\log4j\log4j-api\2.17.2\log4j-api-2.17.2.jar;C:\Users\LaSandu\.m2\repository\com\google\code\gson\gson\2.9.0\gson-2.9.0.jar;C:\Users\LaSandu\.m2\repository\com\fasterxml\jackson\core\jackson-databind\2.13.2.2\jackson-databind-2.13.2.2.jar;C:\Users\LaSandu\.m2\repository\com\fasterxml\jackson\core\jackson-annotations\2.13.2\jackson-annotations-2.13.2.jar;C:\Users\LaSandu\.m2\repository\com\fasterxml\jackson\core\jackson-core\2.13.2\jackson-core-2.13.2.jar;C:\Users\LaSandu\.m2\repository\org\junit\jupiter\junit-jupiter-api\5.8.2\junit-jupiter-api-5.8.2.jar;C:\Users\LaSandu\.m2\repository\org\opentest4j\opentest4j\1.2.0\opentest4j-1.2.0.jar;C:\Users\LaSandu\.m2\repository\org\junit\platform\junit-platform-commons\1.8.2\junit-platform-commons-1.8.2.jar;C:\Users\LaSandu\.m2\repository\org\apiguardian\apiguardian-api\1.1.2\apiguardian-api-1.1.2.jar;C:\Users\LaSandu\.m2\repository\org\junit\jupiter\junit-jupiter-params\5.8.2\junit-jupiter-params-5.8.2.jar;C:\Users\LaSandu\.m2\repository\org\junit\platform\junit-platform-launcher\1.8.2\junit-platform-launcher-1.8.2.jar;C:\Users\LaSandu\.m2\repository\org\junit\platform\junit-platform-engine\1.8.2\junit-platform-engine-1.8.2.jar;C:\Users\LaSandu\.m2\repository\org\junit\jupiter\junit-jupiter-engine\5.8.2\junit-jupiter-engine-5.8.2.jar;C:\Users\LaSandu\.m2\repository\junit\junit\4.13.2\junit-4.13.2.jar;C:\Users\LaSandu\.m2\repository\org\hamcrest\hamcrest-core\1.3\hamcrest-core-1.3.jar;C:\Users\LaSandu\.m2\repository\org\hamcrest\hamcrest\2.2\hamcrest-2.2.jar;C:\Users\LaSandu\.m2\repository\org\assertj\assertj-core\3.22.0\assertj-core-3.22.0.jar;"/>
    <property name="java.vm.vendor" value="Oracle Corporation"/>
    <property name="sun.arch.data.model" value="64"/>
    <property name="user.variant" value=""/>
    <property name="java.vendor.url" value="https://java.oracle.com/"/>
    <property name="user.timezone" value="Europe/Bucharest"/>
    <property name="os.name" value="Windows 10"/>
    <property name="java.vm.specification.version" value="18"/>
    <property name="sun.java.launcher" value="SUN_STANDARD"/>
    <property name="user.country" value="US"/>
    <property name="sun.boot.library.path" value="C:\Users\LaSandu\.jdks\openjdk-18\bin"/>
    <property name="sun.java.command" value="C:\Users\LaSandu\AppData\Local\Temp\surefire5536352320595788901\surefirebooter1693475267570713319.jar C:\Users\LaSandu\AppData\Local\Temp\surefire5536352320595788901 2022-04-12T16-11-51_320-jvmRun1 surefire5365812014454974565tmp surefire_013826818409089948343tmp"/>
    <property name="jdk.debug" value="release"/>
    <property name="surefire.test.class.path" value="C:\Users\LaSandu\IdeaProjects\untitled\target\test-classes;C:\Users\LaSandu\IdeaProjects\untitled\target\untitled-1.0-SNAPSHOT.jar;C:\Users\LaSandu\.m2\repository\commons-io\commons-io\2.11.0\commons-io-2.11.0.jar;C:\Users\LaSandu\.m2\repository\org\apache\commons\commons-lang3\3.12.0\commons-lang3-3.12.0.jar;C:\Users\LaSandu\.m2\repository\org\apache\logging\log4j\log4j-core\2.17.1\log4j-core-2.17.1.jar;C:\Users\LaSandu\.m2\repository\org\apache\logging\log4j\log4j-api\2.17.2\log4j-api-2.17.2.jar;C:\Users\LaSandu\.m2\repository\com\google\code\gson\gson\2.9.0\gson-2.9.0.jar;C:\Users\LaSandu\.m2\repository\com\fasterxml\jackson\core\jackson-databind\2.13.2.2\jackson-databind-2.13.2.2.jar;C:\Users\LaSandu\.m2\repository\com\fasterxml\jackson\core\jackson-annotations\2.13.2\jackson-annotations-2.13.2.jar;C:\Users\LaSandu\.m2\repository\com\fasterxml\jackson\core\jackson-core\2.13.2\jackson-core-2.13.2.jar;C:\Users\LaSandu\.m2\repository\org\junit\jupiter\junit-jupiter-api\5.8.2\junit-jupiter-api-5.8.2.jar;C:\Users\LaSandu\.m2\repository\org\opentest4j\opentest4j\1.2.0\opentest4j-1.2.0.jar;C:\Users\LaSandu\.m2\repository\org\junit\platform\junit-platform-commons\1.8.2\junit-platform-commons-1.8.2.jar;C:\Users\LaSandu\.m2\repository\org\apiguardian\apiguardian-api\1.1.2\apiguardian-api-1.1.2.jar;C:\Users\LaSandu\.m2\repository\org\junit\jupiter\junit-jupiter-params\5.8.2\junit-jupiter-params-5.8.2.jar;C:\Users\LaSandu\.m2\repository\org\junit\platform\junit-platform-launcher\1.8.2\junit-platform-launcher-1.8.2.jar;C:\Users\LaSandu\.m2\repository\org\junit\platform\junit-platform-engine\1.8.2\junit-platform-engine-1.8.2.jar;C:\Users\LaSandu\.m2\repository\org\junit\jupiter\junit-jupiter-engine\5.8.2\junit-jupiter-engine-5.8.2.jar;C:\Users\LaSandu\.m2\repository\junit\junit\4.13.2\junit-4.13.2.jar;C:\Users\LaSandu\.m2\repository\org\hamcrest\hamcrest-core\1.3\hamcrest-core-1.3.jar;C:\Users\LaSandu\.m2\repository\org\hamcrest\hamcrest\2.2\hamcrest-2.2.jar;C:\Users\LaSandu\.m2\repository\org\assertj\assertj-core\3.22.0\assertj-core-3.22.0.jar;"/>
    <property name="sun.cpu.endian" value="little"/>
    <property name="user.home" value="C:\Users\LaSandu"/>
    <property name="user.language" value="en"/>
    <property name="java.specification.vendor" value="Oracle Corporation"/>
    <property name="java.version.date" value="2022-03-22"/>
    <property name="java.home" value="C:\Users\LaSandu\.jdks\openjdk-18"/>
    <property name="file.separator" value="\"/>
    <property name="basedir" value="C:\Users\LaSandu\IdeaProjects\untitled"/>
    <property name="java.vm.compressedOopsMode" value="Zero based"/>
    <property name="line.separator" value="&#10;"/>
    <property name="java.vm.specification.vendor" value="Oracle Corporation"/>
    <property name="java.specification.name" value="Java Platform API Specification"/>
    <property name="surefire.real.class.path" value="C:\Users\LaSandu\AppData\Local\Temp\surefire5536352320595788901\surefirebooter1693475267570713319.jar"/>
    <property name="user.script" value=""/>
    <property name="sun.management.compiler" value="HotSpot 64-Bit Tiered Compilers"/>
    <property name="java.runtime.version" value="18+36-2087"/>
    <property name="user.name" value="LaSandu"/>
    <property name="path.separator" value=";"/>
    <property name="os.version" value="10.0"/>
    <property name="java.runtime.name" value="OpenJDK Runtime Environment"/>
    <property name="file.encoding" value="UTF-8"/>
    <property name="java.vm.name" value="OpenJDK 64-Bit Server VM"/>
    <property name="localRepository" value="C:\Users\LaSandu\.m2\repository"/>
    <property name="java.vendor.url.bug" value="https://bugreport.java.com/bugreport/"/>
    <property name="java.io.tmpdir" value="C:\Users\LaSandu\AppData\Local\Temp\"/>
    <property name="idea.version" value="2021.3.3"/>
    <property name="java.version" value="18"/>
    <property name="user.dir" value="C:\Users\LaSandu\IdeaProjects\untitled"/>
    <property name="os.arch" value="amd64"/>
    <property name="java.vm.specification.name" value="Java Virtual Machine Specification"/>
    <property name="sun.os.patch.level" value=""/>
    <property name="native.encoding" value="Cp1252"/>
    <property name="java.library.path" value="C:\Users\LaSandu\.jdks\openjdk-18\bin;C:\WINDOWS\Sun\Java\bin;C:\WINDOWS\system32;C:\WINDOWS;C:\WINDOWS\system32;C:\WINDOWS;C:\WINDOWS\System32\Wbem;C:\WINDOWS\System32\WindowsPowerShell\v1.0\;C:\WINDOWS\System32\OpenSSH\;C:\Program Files\Git\cmd;C:\Users\LaSandu\AppData\Local\Microsoft\WindowsApps;;C:\Program Files\JetBrains\IntelliJ IDEA 2021.3.3\bin;;."/>
    <property name="java.vm.info" value="mixed mode, sharing"/>
    <property name="java.vendor" value="Oracle Corporation"/>
    <property name="java.vm.version" value="18+36-2087"/>
    <property name="sun.io.unicode.encoding" value="UnicodeLittle"/>
    <property name="java.class.version" value="62.0"/>
  </properties>
  <testcase name="shouldMultiplyNoOperands" classname="CalculatorIT" time="0.057">
    <system-out><![CDATA[16:11:52.826 [main] INFO  com.endava.extensions.TestReporterExtension - Starting test shouldMultiplyNoOperands()
16:11:52.887 [main] INFO  com.endava.extensions.TestReporterExtension - Test shouldMultiplyNoOperands() finished with result: SUCCESSFUL 
]]></system-out>
  </testcase>
  <testcase name="shouldMultiplyPositiveOperands" classname="CalculatorIT" time="0.004">
    <system-out><![CDATA[16:11:52.891 [main] INFO  com.endava.extensions.TestReporterExtension - Starting test shouldMultiplyPositiveOperands()
16:11:52.895 [main] INFO  com.endava.extensions.TestReporterExtension - Test shouldMultiplyPositiveOperands() finished with result: SUCCESSFUL 
]]></system-out>
  </testcase>
  <testcase name="shouldMultiplyNegativeNumbers" classname="CalculatorIT" time="0.006">
    <system-out><![CDATA[16:11:52.899 [main] INFO  com.endava.extensions.TestReporterExtension - Starting test shouldMultiplyNegativeNumbers()
16:11:52.905 [main] INFO  com.endava.extensions.TestReporterExtension - Test shouldMultiplyNegativeNumbers() finished with result: SUCCESSFUL 
]]></system-out>
  </testcase>
  <testcase name="shouldPowGivenOperand0" classname="CalculatorIT" time="0">
    <system-out><![CDATA[16:11:52.905 [main] INFO  com.endava.extensions.TestReporterExtension - Starting test shouldPowGivenOperand0()
16:11:52.905 [main] INFO  com.endava.extensions.TestReporterExtension - Test shouldPowGivenOperand0() finished with result: SUCCESSFUL 
]]></system-out>
  </testcase>
  <testcase name="shouldPowGivenOperand1" classname="CalculatorIT" time="0">
    <system-out><![CDATA[16:11:52.909 [main] INFO  com.endava.extensions.TestReporterExtension - Starting test shouldPowGivenOperand1()
16:11:52.909 [main] INFO  com.endava.extensions.TestReporterExtension - Test shouldPowGivenOperand1() finished with result: SUCCESSFUL 
]]></system-out>
  </testcase>
  <testcase name="shouldMultiplyOperand1" classname="CalculatorIT" time="0.004">
    <system-out><![CDATA[16:11:52.913 [main] INFO  com.endava.extensions.TestReporterExtension - Starting test shouldMultiplyOperand1()
16:11:52.917 [main] INFO  com.endava.extensions.TestReporterExtension - Test shouldMultiplyOperand1() finished with result: SUCCESSFUL 
]]></system-out>
  </testcase>
  <testcase name="shouldMultiplyGivenOneOperand" classname="CalculatorIT" time="0.004">
    <system-out><![CDATA[16:11:52.917 [main] INFO  com.endava.extensions.TestReporterExtension - Starting test shouldMultiplyGivenOneOperand()
16:11:52.921 [main] INFO  com.endava.extensions.TestReporterExtension - Test shouldMultiplyGivenOneOperand() finished with result: SUCCESSFUL 
]]></system-out>
  </testcase>
  <testcase name="shouldPowGivenNegativeOperand" classname="CalculatorIT" time="0.004">
    <system-out><![CDATA[16:11:52.921 [main] INFO  com.endava.extensions.TestReporterExtension - Starting test shouldPowGivenNegativeOperand()
16:11:52.925 [main] INFO  com.endava.extensions.TestReporterExtension - Test shouldPowGivenNegativeOperand() finished with result: SUCCESSFUL 
]]></system-out>
  </testcase>
  <testcase name="shouldFactGivenPositiveNumber" classname="CalculatorIT" time="0.004">
    <system-out><![CDATA[16:11:52.925 [main] INFO  com.endava.extensions.TestReporterExtension - Starting test shouldFactGivenPositiveNumber()
16:11:52.929 [main] INFO  com.endava.extensions.TestReporterExtension - Test shouldFactGivenPositiveNumber() finished with result: SUCCESSFUL 
]]></system-out>
  </testcase>
  <testcase name="shouldPowGivenPositiveOperands" classname="CalculatorIT" time="0">
    <system-out><![CDATA[16:11:52.929 [main] INFO  com.endava.extensions.TestReporterExtension - Starting test shouldPowGivenPositiveOperands()
16:11:52.929 [main] INFO  com.endava.extensions.TestReporterExtension - Test shouldPowGivenPositiveOperands() finished with result: SUCCESSFUL 
]]></system-out>
  </testcase>
  <testcase name="shouldFactGivenOperand1" classname="CalculatorIT" time="0.003">
    <system-out><![CDATA[16:11:52.933 [main] INFO  com.endava.extensions.TestReporterExtension - Starting test shouldFactGivenOperand1()
16:11:52.936 [main] INFO  com.endava.extensions.TestReporterExtension - Test shouldFactGivenOperand1() finished with result: SUCCESSFUL 
]]></system-out>
  </testcase>
</testsuite>